# JRE version: OpenJDK Runtime Environment Temurin-17.0.13+11 (17.0.13+11) (build 17.0.13+11)
# Java VM: OpenJDK 64-Bit Server VM Temurin-17.0.13+11 (17.0.13+11, mixed mode, tiered, compressed oops, compressed class ptrs, parallel gc, windows-amd64)
GC Precious Log:
 CPUs: 8 total, 8 available
 Memory: 16321M
 Large Page Support: Disabled
 NUMA Support: Disabled
 Compressed Oops: Enabled (32-bit)
 Alignments: Space 512K, Generation 512K, Heap 2M
 Heap Min Capacity: 100M
 Heap Initial Capacity: 100M
 Heap Max Capacity: 1G
 Pre-touch: Disabled
 Parallel Workers: 8
Heap:
 PSYoungGen      total 12288K, used 12145K [0x00000000eab00000, 0x00000000ebd80000, 0x0000000100000000)
  eden space 9728K, 100% used [0x00000000eab00000,0x00000000eb480000,0x00000000eb480000)
  from space 2560K, 94% used [0x00000000ebb00000,0x00000000ebd5c5a8,0x00000000ebd80000)
  to   space 3584K, 0% used [0x00000000eb680000,0x00000000eb680000,0x00000000eba00000)
 ParOldGen       total 174592K, used 171843K [0x00000000c0000000, 0x00000000caa80000, 0x00000000eab00000)
  object space 174592K, 98% used [0x00000000c0000000,0x00000000ca7d0c58,0x00000000caa80000)
 Metaspace       used 54455K, committed 55552K, reserved 1114112K
  class space    used 5831K, committed 6336K, reserved 1048576K
GC Heap History (20 events):
Event: 6.512 GC heap after
{Heap after GC invocations=63 (full 6):
 PSYoungGen      total 13312K, used 3579K [0x00000000eab00000, 0x00000000ebf80000, 0x0000000100000000)
  eden space 9728K, 0% used [0x00000000eab00000,0x00000000eab00000,0x00000000eb480000)
  from space 3584K, 99% used [0x00000000eb600000,0x00000000eb97ecf8,0x00000000eb980000)
  to   space 5632K, 0% used [0x00000000eba00000,0x00000000eba00000,0x00000000ebf80000)
 ParOldGen       total 174592K, used 148400K [0x00000000c0000000, 0x00000000caa80000, 0x00000000eab00000)
  object space 174592K, 84% used [0x00000000c0000000,0x00000000c90ec300,0x00000000caa80000)
 Metaspace       used 54454K, committed 55552K, reserved 1114112K
  class space    used 5831K, committed 6336K, reserved 1048576K
}
Event: 6.540 GC heap before
{Heap before GC invocations=64 (full 6):
 PSYoungGen      total 13312K, used 13307K [0x00000000eab00000, 0x00000000ebf80000, 0x0000000100000000)
  eden space 9728K, 100% used [0x00000000eab00000,0x00000000eb480000,0x00000000eb480000)
  from space 3584K, 99% used [0x00000000eb600000,0x00000000eb97ecf8,0x00000000eb980000)
  to   space 5632K, 0% used [0x00000000eba00000,0x00000000eba00000,0x00000000ebf80000)
 ParOldGen       total 174592K, used 148400K [0x00000000c0000000, 0x00000000caa80000, 0x00000000eab00000)
  object space 174592K, 84% used [0x00000000c0000000,0x00000000c90ec300,0x00000000caa80000)
 Metaspace       used 54454K, committed 55552K, reserved 1114112K
  class space    used 5831K, committed 6336K, reserved 1048576K
}
Event: 6.543 GC heap after
{Heap after GC invocations=64 (full 6):
 PSYoungGen      total 12288K, used 2399K [0x00000000eab00000, 0x00000000ebc80000, 0x0000000100000000)
  eden space 9728K, 0% used [0x00000000eab00000,0x00000000eab00000,0x00000000eb480000)
  from space 2560K, 93% used [0x00000000eba00000,0x00000000ebc57e18,0x00000000ebc80000)
  to   space 3584K, 0% used [0x00000000eb580000,0x00000000eb580000,0x00000000eb900000)
 ParOldGen       total 174592K, used 151850K [0x00000000c0000000, 0x00000000caa80000, 0x00000000eab00000)
  object space 174592K, 86% used [0x00000000c0000000,0x00000000c944ab38,0x00000000caa80000)
 Metaspace       used 54454K, committed 55552K, reserved 1114112K
  class space    used 5831K, committed 6336K, reserved 1048576K
}
Event: 6.566 GC heap before
{Heap before GC invocations=65 (full 6):
 PSYoungGen      total 12288K, used 12127K [0x00000000eab00000, 0x00000000ebc80000, 0x0000000100000000)
  eden space 9728K, 100% used [0x00000000eab00000,0x00000000eb480000,0x00000000eb480000)
  from space 2560K, 93% used [0x00000000eba00000,0x00000000ebc57e18,0x00000000ebc80000)
  to   space 3584K, 0% used [0x00000000eb580000,0x00000000eb580000,0x00000000eb900000)
 ParOldGen       total 174592K, used 151850K [0x00000000c0000000, 0x00000000caa80000, 0x00000000eab00000)
  object space 174592K, 86% used [0x00000000c0000000,0x00000000c944ab38,0x00000000caa80000)
 Metaspace       used 54454K, committed 55552K, reserved 1114112K
  class space    used 5831K, committed 6336K, reserved 1048576K
}
Event: 6.568 GC heap after
{Heap after GC invocations=65 (full 6):
 PSYoungGen      total 13312K, used 3577K [0x00000000eab00000, 0x00000000ebe80000, 0x0000000100000000)
  eden space 9728K, 0% used [0x00000000eab00000,0x00000000eab00000,0x00000000eb480000)
  from space 3584K, 99% used [0x00000000eb580000,0x00000000eb8fe6b8,0x00000000eb900000)
  to   space 5120K, 0% used [0x00000000eb980000,0x00000000eb980000,0x00000000ebe80000)
 ParOldGen       total 174592K, used 152808K [0x00000000c0000000, 0x00000000caa80000, 0x00000000eab00000)
  object space 174592K, 87% used [0x00000000c0000000,0x00000000c953a120,0x00000000caa80000)
 Metaspace       used 54454K, committed 55552K, reserved 1114112K
  class space    used 5831K, committed 6336K, reserved 1048576K
}
Event: 6.603 GC heap before
{Heap before GC invocations=66 (full 6):
 PSYoungGen      total 13312K, used 13305K [0x00000000eab00000, 0x00000000ebe80000, 0x0000000100000000)
  eden space 9728K, 100% used [0x00000000eab00000,0x00000000eb480000,0x00000000eb480000)
  from space 3584K, 99% used [0x00000000eb580000,0x00000000eb8fe6b8,0x00000000eb900000)
  to   space 5120K, 0% used [0x00000000eb980000,0x00000000eb980000,0x00000000ebe80000)
 ParOldGen       total 174592K, used 152808K [0x00000000c0000000, 0x00000000caa80000, 0x00000000eab00000)
  object space 174592K, 87% used [0x00000000c0000000,0x00000000c953a120,0x00000000caa80000)
 Metaspace       used 54454K, committed 55552K, reserved 1114112K
  class space    used 5831K, committed 6336K, reserved 1048576K
}
Event: 6.606 GC heap after
{Heap after GC invocations=66 (full 6):
 PSYoungGen      total 12288K, used 2366K [0x00000000eab00000, 0x00000000ebc00000, 0x0000000100000000)
  eden space 9728K, 0% used [0x00000000eab00000,0x00000000eab00000,0x00000000eb480000)
  from space 2560K, 92% used [0x00000000eb980000,0x00000000ebbcf8f0,0x00000000ebc00000)
  to   space 3584K, 0% used [0x00000000eb500000,0x00000000eb500000,0x00000000eb880000)
 ParOldGen       total 174592K, used 156313K [0x00000000c0000000, 0x00000000caa80000, 0x00000000eab00000)
  object space 174592K, 89% used [0x00000000c0000000,0x00000000c98a6580,0x00000000caa80000)
 Metaspace       used 54454K, committed 55552K, reserved 1114112K
  class space    used 5831K, committed 6336K, reserved 1048576K
}
Event: 6.637 GC heap before
{Heap before GC invocations=67 (full 6):
 PSYoungGen      total 12288K, used 12094K [0x00000000eab00000, 0x00000000ebc00000, 0x0000000100000000)
  eden space 9728K, 100% used [0x00000000eab00000,0x00000000eb480000,0x00000000eb480000)
  from space 2560K, 92% used [0x00000000eb980000,0x00000000ebbcf8f0,0x00000000ebc00000)
  to   space 3584K, 0% used [0x00000000eb500000,0x00000000eb500000,0x00000000eb880000)
 ParOldGen       total 174592K, used 156313K [0x00000000c0000000, 0x00000000caa80000, 0x00000000eab00000)
  object space 174592K, 89% used [0x00000000c0000000,0x00000000c98a6580,0x00000000caa80000)
 Metaspace       used 54455K, committed 55552K, reserved 1114112K
  class space    used 5831K, committed 6336K, reserved 1048576K
}
Event: 6.639 GC heap after
{Heap after GC invocations=67 (full 6):
 PSYoungGen      total 13312K, used 3578K [0x00000000eab00000, 0x00000000ebe80000, 0x0000000100000000)
  eden space 9728K, 0% used [0x00000000eab00000,0x00000000eab00000,0x00000000eb480000)
  from space 3584K, 99% used [0x00000000eb500000,0x00000000eb87e810,0x00000000eb880000)
  to   space 5120K, 0% used [0x00000000eb980000,0x00000000eb980000,0x00000000ebe80000)
 ParOldGen       total 174592K, used 157212K [0x00000000c0000000, 0x00000000caa80000, 0x00000000eab00000)
  object space 174592K, 90% used [0x00000000c0000000,0x00000000c99871f8,0x00000000caa80000)
 Metaspace       used 54455K, committed 55552K, reserved 1114112K
  class space    used 5831K, committed 6336K, reserved 1048576K
}
Event: 6.672 GC heap before
{Heap before GC invocations=68 (full 6):
 PSYoungGen      total 13312K, used 13306K [0x00000000eab00000, 0x00000000ebe80000, 0x0000000100000000)
  eden space 9728K, 100% used [0x00000000eab00000,0x00000000eb480000,0x00000000eb480000)
  from space 3584K, 99% used [0x00000000eb500000,0x00000000eb87e810,0x00000000eb880000)
  to   space 5120K, 0% used [0x00000000eb980000,0x00000000eb980000,0x00000000ebe80000)
 ParOldGen       total 174592K, used 157212K [0x00000000c0000000, 0x00000000caa80000, 0x00000000eab00000)
  object space 174592K, 90% used [0x00000000c0000000,0x00000000c99871f8,0x00000000caa80000)
 Metaspace       used 54455K, committed 55552K, reserved 1114112K
  class space    used 5831K, committed 6336K, reserved 1048576K
}
Event: 6.676 GC heap after
{Heap after GC invocations=68 (full 6):
 PSYoungGen      total 12288K, used 2281K [0x00000000eab00000, 0x00000000ebc00000, 0x0000000100000000)
  eden space 9728K, 0% used [0x00000000eab00000,0x00000000eab00000,0x00000000eb480000)
  from space 2560K, 89% used [0x00000000eb980000,0x00000000ebbba590,0x00000000ebc00000)
  to   space 3584K, 0% used [0x00000000eb500000,0x00000000eb500000,0x00000000eb880000)
 ParOldGen       total 174592K, used 160752K [0x00000000c0000000, 0x00000000caa80000, 0x00000000eab00000)
  object space 174592K, 92% used [0x00000000c0000000,0x00000000c9cfc288,0x00000000caa80000)
 Metaspace       used 54455K, committed 55552K, reserved 1114112K
  class space    used 5831K, committed 6336K, reserved 1048576K
}
Event: 6.740 GC heap before
{Heap before GC invocations=69 (full 6):
 PSYoungGen      total 12288K, used 12009K [0x00000000eab00000, 0x00000000ebc00000, 0x0000000100000000)
  eden space 9728K, 100% used [0x00000000eab00000,0x00000000eb480000,0x00000000eb480000)
  from space 2560K, 89% used [0x00000000eb980000,0x00000000ebbba590,0x00000000ebc00000)
  to   space 3584K, 0% used [0x00000000eb500000,0x00000000eb500000,0x00000000eb880000)
 ParOldGen       total 174592K, used 160752K [0x00000000c0000000, 0x00000000caa80000, 0x00000000eab00000)
  object space 174592K, 92% used [0x00000000c0000000,0x00000000c9cfc288,0x00000000caa80000)
 Metaspace       used 54455K, committed 55552K, reserved 1114112K
  class space    used 5831K, committed 6336K, reserved 1048576K
}
Event: 6.745 GC heap after
{Heap after GC invocations=69 (full 6):
 PSYoungGen      total 13312K, used 3566K [0x00000000eab00000, 0x00000000ec480000, 0x0000000100000000)
  eden space 9728K, 0% used [0x00000000eab00000,0x00000000eab00000,0x00000000eb480000)
  from space 3584K, 99% used [0x00000000eb500000,0x00000000eb87ba90,0x00000000eb880000)
  to   space 8192K, 0% used [0x00000000ebc80000,0x00000000ebc80000,0x00000000ec480000)
 ParOldGen       total 174592K, used 164233K [0x00000000c0000000, 0x00000000caa80000, 0x00000000eab00000)
  object space 174592K, 94% used [0x00000000c0000000,0x00000000ca062790,0x00000000caa80000)
 Metaspace       used 54455K, committed 55552K, reserved 1114112K
  class space    used 5831K, committed 6336K, reserved 1048576K
}
Event: 6.775 GC heap before
{Heap before GC invocations=70 (full 6):
 PSYoungGen      total 13312K, used 13294K [0x00000000eab00000, 0x00000000ec480000, 0x0000000100000000)
  eden space 9728K, 100% used [0x00000000eab00000,0x00000000eb480000,0x00000000eb480000)
  from space 3584K, 99% used [0x00000000eb500000,0x00000000eb87ba90,0x00000000eb880000)
  to   space 8192K, 0% used [0x00000000ebc80000,0x00000000ebc80000,0x00000000ec480000)
 ParOldGen       total 174592K, used 164233K [0x00000000c0000000, 0x00000000caa80000, 0x00000000eab00000)
  object space 174592K, 94% used [0x00000000c0000000,0x00000000ca062790,0x00000000caa80000)
 Metaspace       used 54455K, committed 55552K, reserved 1114112K
  class space    used 5831K, committed 6336K, reserved 1048576K
}
Event: 6.779 GC heap after
{Heap after GC invocations=70 (full 6):
 PSYoungGen      total 12288K, used 2219K [0x00000000eab00000, 0x00000000ebf00000, 0x0000000100000000)
  eden space 9728K, 0% used [0x00000000eab00000,0x00000000eab00000,0x00000000eb480000)
  from space 2560K, 86% used [0x00000000ebc80000,0x00000000ebeaadd8,0x00000000ebf00000)
  to   space 4096K, 0% used [0x00000000eb700000,0x00000000eb700000,0x00000000ebb00000)
 ParOldGen       total 174592K, used 167686K [0x00000000c0000000, 0x00000000caa80000, 0x00000000eab00000)
  object space 174592K, 96% used [0x00000000c0000000,0x00000000ca3c1890,0x00000000caa80000)
 Metaspace       used 54455K, committed 55552K, reserved 1114112K
  class space    used 5831K, committed 6336K, reserved 1048576K
}
Event: 6.806 GC heap before
{Heap before GC invocations=71 (full 6):
 PSYoungGen      total 12288K, used 11947K [0x00000000eab00000, 0x00000000ebf00000, 0x0000000100000000)
  eden space 9728K, 100% used [0x00000000eab00000,0x00000000eb480000,0x00000000eb480000)
  from space 2560K, 86% used [0x00000000ebc80000,0x00000000ebeaadd8,0x00000000ebf00000)
  to   space 4096K, 0% used [0x00000000eb700000,0x00000000eb700000,0x00000000ebb00000)
 ParOldGen       total 174592K, used 167686K [0x00000000c0000000, 0x00000000caa80000, 0x00000000eab00000)
  object space 174592K, 96% used [0x00000000c0000000,0x00000000ca3c1890,0x00000000caa80000)
 Metaspace       used 54455K, committed 55552K, reserved 1114112K
  class space    used 5831K, committed 6336K, reserved 1048576K
}
Event: 6.808 GC heap after
{Heap after GC invocations=71 (full 6):
 PSYoungGen      total 13824K, used 4079K [0x00000000eab00000, 0x00000000ebe80000, 0x0000000100000000)
  eden space 9728K, 0% used [0x00000000eab00000,0x00000000eab00000,0x00000000eb480000)
  from space 4096K, 99% used [0x00000000eb700000,0x00000000ebafbc40,0x00000000ebb00000)
  to   space 3584K, 0% used [0x00000000ebb00000,0x00000000ebb00000,0x00000000ebe80000)
 ParOldGen       total 174592K, used 167938K [0x00000000c0000000, 0x00000000caa80000, 0x00000000eab00000)
  object space 174592K, 96% used [0x00000000c0000000,0x00000000ca400888,0x00000000caa80000)
 Metaspace       used 54455K, committed 55552K, reserved 1114112K
  class space    used 5831K, committed 6336K, reserved 1048576K
}
Event: 6.827 GC heap before
{Heap before GC invocations=72 (full 6):
 PSYoungGen      total 13824K, used 13807K [0x00000000eab00000, 0x00000000ebe80000, 0x0000000100000000)
  eden space 9728K, 100% used [0x00000000eab00000,0x00000000eb480000,0x00000000eb480000)
  from space 4096K, 99% used [0x00000000eb700000,0x00000000ebafbc40,0x00000000ebb00000)
  to   space 3584K, 0% used [0x00000000ebb00000,0x00000000ebb00000,0x00000000ebe80000)
 ParOldGen       total 174592K, used 167938K [0x00000000c0000000, 0x00000000caa80000, 0x00000000eab00000)
  object space 174592K, 96% used [0x00000000c0000000,0x00000000ca400888,0x00000000caa80000)
 Metaspace       used 54455K, committed 55552K, reserved 1114112K
  class space    used 5831K, committed 6336K, reserved 1048576K
}
Event: 6.829 GC heap after
{Heap after GC invocations=72 (full 6):
 PSYoungGen      total 12288K, used 2417K [0x00000000eab00000, 0x00000000ebd80000, 0x0000000100000000)
  eden space 9728K, 0% used [0x00000000eab00000,0x00000000eab00000,0x00000000eb480000)
  from space 2560K, 94% used [0x00000000ebb00000,0x00000000ebd5c5a8,0x00000000ebd80000)
  to   space 3584K, 0% used [0x00000000eb680000,0x00000000eb680000,0x00000000eba00000)
 ParOldGen       total 174592K, used 171843K [0x00000000c0000000, 0x00000000caa80000, 0x00000000eab00000)
  object space 174592K, 98% used [0x00000000c0000000,0x00000000ca7d0c58,0x00000000caa80000)
 Metaspace       used 54455K, committed 55552K, reserved 1114112K
  class space    used 5831K, committed 6336K, reserved 1048576K
}
Event: 6.847 GC heap before
{Heap before GC invocations=73 (full 7):
 PSYoungGen      total 12288K, used 12145K [0x00000000eab00000, 0x00000000ebd80000, 0x0000000100000000)
  eden space 9728K, 100% used [0x00000000eab00000,0x00000000eb480000,0x00000000eb480000)
  from space 2560K, 94% used [0x00000000ebb00000,0x00000000ebd5c5a8,0x00000000ebd80000)
  to   space 3584K, 0% used [0x00000000eb680000,0x00000000eb680000,0x00000000eba00000)
 ParOldGen       total 174592K, used 171843K [0x00000000c0000000, 0x00000000caa80000, 0x00000000eab00000)
  object space 174592K, 98% used [0x00000000c0000000,0x00000000ca7d0c58,0x00000000caa80000)
 Metaspace       used 54455K, committed 55552K, reserved 1114112K
  class space    used 5831K, committed 6336K, reserved 1048576K
}

