# JRE version: OpenJDK Runtime Environment Temurin-17.0.13+11 (17.0.13+11) (build 17.0.13+11)
# Java VM: OpenJDK 64-Bit Server VM Temurin-17.0.13+11 (17.0.13+11, mixed mode, tiered, compressed oops, compressed class ptrs, parallel gc, windows-amd64)
GC Precious Log:
 CPUs: 8 total, 8 available
 Memory: 16321M
 Large Page Support: Disabled
 NUMA Support: Disabled
 Compressed Oops: Enabled (32-bit)
 Alignments: Space 512K, Generation 512K, Heap 2M
 Heap Min Capacity: 100M
 Heap Initial Capacity: 100M
 Heap Max Capacity: 1G
 Pre-touch: Disabled
 Parallel Workers: 8
Heap:
 PSYoungGen      total 23552K, used 9555K [0x00000000eab00000, 0x00000000ec880000, 0x0000000100000000)
  eden space 20992K, 33% used [0x00000000eab00000,0x00000000eb1e1ea0,0x00000000ebf80000)
  from space 2560K, 97% used [0x00000000ec600000,0x00000000ec873008,0x00000000ec880000)
  to   space 4096K, 0% used [0x00000000ec080000,0x00000000ec080000,0x00000000ec480000)
 ParOldGen       total 361472K, used 331973K [0x00000000c0000000, 0x00000000d6100000, 0x00000000eab00000)
  object space 361472K, 91% used [0x00000000c0000000,0x00000000d4431748,0x00000000d6100000)
 Metaspace       used 58967K, committed 59968K, reserved 1114112K
  class space    used 6380K, committed 6784K, reserved 1048576K
GC Heap History (20 events):
Event: 17.871 GC heap before
{Heap before GC invocations=131 (full 10):
 PSYoungGen      total 20480K, used 20338K [0x00000000eab00000, 0x00000000eca00000, 0x0000000100000000)
  eden space 10752K, 100% used [0x00000000eab00000,0x00000000eb580000,0x00000000eb580000)
  from space 9728K, 98% used [0x00000000ec080000,0x00000000ec9dcbd0,0x00000000eca00000)
  to   space 10240K, 0% used [0x00000000eb600000,0x00000000eb600000,0x00000000ec000000)
 ParOldGen       total 300032K, used 282797K [0x00000000c0000000, 0x00000000d2500000, 0x00000000eab00000)
  object space 300032K, 94% used [0x00000000c0000000,0x00000000d142b508,0x00000000d2500000)
 Metaspace       used 58884K, committed 59904K, reserved 1114112K
  class space    used 6375K, committed 6784K, reserved 1048576K
}
Event: 17.882 GC heap after
{Heap after GC invocations=131 (full 10):
 PSYoungGen      total 21504K, used 10214K [0x00000000eab00000, 0x00000000edf80000, 0x0000000100000000)
  eden space 11264K, 0% used [0x00000000eab00000,0x00000000eab00000,0x00000000eb600000)
  from space 10240K, 99% used [0x00000000eb600000,0x00000000ebff98c0,0x00000000ec000000)
  to   space 20992K, 0% used [0x00000000ecb00000,0x00000000ecb00000,0x00000000edf80000)
 ParOldGen       total 300032K, used 291778K [0x00000000c0000000, 0x00000000d2500000, 0x00000000eab00000)
  object space 300032K, 97% used [0x00000000c0000000,0x00000000d1cf0b00,0x00000000d2500000)
 Metaspace       used 58884K, committed 59904K, reserved 1114112K
  class space    used 6375K, committed 6784K, reserved 1048576K
}
Event: 18.025 GC heap before
{Heap before GC invocations=132 (full 11):
 PSYoungGen      total 21504K, used 21165K [0x00000000eab00000, 0x00000000edf80000, 0x0000000100000000)
  eden space 11264K, 97% used [0x00000000eab00000,0x00000000eb5b1ed8,0x00000000eb600000)
  from space 10240K, 99% used [0x00000000eb600000,0x00000000ebff98c0,0x00000000ec000000)
  to   space 20992K, 0% used [0x00000000ecb00000,0x00000000ecb00000,0x00000000edf80000)
 ParOldGen       total 300032K, used 291778K [0x00000000c0000000, 0x00000000d2500000, 0x00000000eab00000)
  object space 300032K, 97% used [0x00000000c0000000,0x00000000d1cf0b00,0x00000000d2500000)
 Metaspace       used 58884K, committed 59904K, reserved 1114112K
  class space    used 6375K, committed 6784K, reserved 1048576K
}
Event: 18.285 GC heap after
{Heap after GC invocations=132 (full 11):
 PSYoungGen      total 21504K, used 3892K [0x00000000eab00000, 0x00000000ee000000, 0x0000000100000000)
  eden space 11264K, 0% used [0x00000000eab00000,0x00000000eab00000,0x00000000eb600000)
  from space 10240K, 38% used [0x00000000eb600000,0x00000000eb9cd0c0,0x00000000ec000000)
  to   space 20992K, 0% used [0x00000000ecb80000,0x00000000ecb80000,0x00000000ee000000)
 ParOldGen       total 361472K, used 299833K [0x00000000c0000000, 0x00000000d6100000, 0x00000000eab00000)
  object space 361472K, 82% used [0x00000000c0000000,0x00000000d24ce560,0x00000000d6100000)
 Metaspace       used 58884K, committed 59904K, reserved 1114112K
  class space    used 6375K, committed 6784K, reserved 1048576K
}
Event: 18.431 GC heap before
{Heap before GC invocations=133 (full 11):
 PSYoungGen      total 21504K, used 15156K [0x00000000eab00000, 0x00000000ee000000, 0x0000000100000000)
  eden space 11264K, 100% used [0x00000000eab00000,0x00000000eb600000,0x00000000eb600000)
  from space 10240K, 38% used [0x00000000eb600000,0x00000000eb9cd0c0,0x00000000ec000000)
  to   space 20992K, 0% used [0x00000000ecb80000,0x00000000ecb80000,0x00000000ee000000)
 ParOldGen       total 361472K, used 299833K [0x00000000c0000000, 0x00000000d6100000, 0x00000000eab00000)
  object space 361472K, 82% used [0x00000000c0000000,0x00000000d24ce560,0x00000000d6100000)
 Metaspace       used 58884K, committed 59904K, reserved 1114112K
  class space    used 6375K, committed 6784K, reserved 1048576K
}
Event: 18.461 GC heap after
{Heap after GC invocations=133 (full 11):
 PSYoungGen      total 23552K, used 11200K [0x00000000eab00000, 0x00000000ed680000, 0x0000000100000000)
  eden space 12288K, 0% used [0x00000000eab00000,0x00000000eab00000,0x00000000eb700000)
  from space 11264K, 99% used [0x00000000ecb80000,0x00000000ed6703b8,0x00000000ed680000)
  to   space 14336K, 0% used [0x00000000eba80000,0x00000000eba80000,0x00000000ec880000)
 ParOldGen       total 361472K, used 303208K [0x00000000c0000000, 0x00000000d6100000, 0x00000000eab00000)
  object space 361472K, 83% used [0x00000000c0000000,0x00000000d281a220,0x00000000d6100000)
 Metaspace       used 58884K, committed 59904K, reserved 1114112K
  class space    used 6375K, committed 6784K, reserved 1048576K
}
Event: 18.906 GC heap before
{Heap before GC invocations=134 (full 11):
 PSYoungGen      total 23552K, used 23488K [0x00000000eab00000, 0x00000000ed680000, 0x0000000100000000)
  eden space 12288K, 100% used [0x00000000eab00000,0x00000000eb700000,0x00000000eb700000)
  from space 11264K, 99% used [0x00000000ecb80000,0x00000000ed6703b8,0x00000000ed680000)
  to   space 14336K, 0% used [0x00000000eba80000,0x00000000eba80000,0x00000000ec880000)
 ParOldGen       total 361472K, used 303208K [0x00000000c0000000, 0x00000000d6100000, 0x00000000eab00000)
  object space 361472K, 83% used [0x00000000c0000000,0x00000000d281a220,0x00000000d6100000)
 Metaspace       used 58904K, committed 59968K, reserved 1114112K
  class space    used 6375K, committed 6784K, reserved 1048576K
}
Event: 18.917 GC heap after
{Heap after GC invocations=134 (full 11):
 PSYoungGen      total 27648K, used 14329K [0x00000000eab00000, 0x00000000edf00000, 0x0000000100000000)
  eden space 13312K, 0% used [0x00000000eab00000,0x00000000eab00000,0x00000000eb800000)
  from space 14336K, 99% used [0x00000000eba80000,0x00000000ec87e4a0,0x00000000ec880000)
  to   space 19968K, 0% used [0x00000000ecb80000,0x00000000ecb80000,0x00000000edf00000)
 ParOldGen       total 361472K, used 307479K [0x00000000c0000000, 0x00000000d6100000, 0x00000000eab00000)
  object space 361472K, 85% used [0x00000000c0000000,0x00000000d2c45cd0,0x00000000d6100000)
 Metaspace       used 58904K, committed 59968K, reserved 1114112K
  class space    used 6375K, committed 6784K, reserved 1048576K
}
Event: 19.044 GC heap before
{Heap before GC invocations=135 (full 11):
 PSYoungGen      total 27648K, used 27641K [0x00000000eab00000, 0x00000000edf00000, 0x0000000100000000)
  eden space 13312K, 100% used [0x00000000eab00000,0x00000000eb800000,0x00000000eb800000)
  from space 14336K, 99% used [0x00000000eba80000,0x00000000ec87e4a0,0x00000000ec880000)
  to   space 19968K, 0% used [0x00000000ecb80000,0x00000000ecb80000,0x00000000edf00000)
 ParOldGen       total 361472K, used 307479K [0x00000000c0000000, 0x00000000d6100000, 0x00000000eab00000)
  object space 361472K, 85% used [0x00000000c0000000,0x00000000d2c45cd0,0x00000000d6100000)
 Metaspace       used 58945K, committed 59968K, reserved 1114112K
  class space    used 6379K, committed 6784K, reserved 1048576K
}
Event: 19.054 GC heap after
{Heap after GC invocations=135 (full 11):
 PSYoungGen      total 18432K, used 3815K [0x00000000eab00000, 0x00000000ecf80000, 0x0000000100000000)
  eden space 14336K, 0% used [0x00000000eab00000,0x00000000eab00000,0x00000000eb900000)
  from space 4096K, 93% used [0x00000000ecb80000,0x00000000ecf39d10,0x00000000ecf80000)
  to   space 9728K, 0% used [0x00000000ebc80000,0x00000000ebc80000,0x00000000ec600000)
 ParOldGen       total 361472K, used 321344K [0x00000000c0000000, 0x00000000d6100000, 0x00000000eab00000)
  object space 361472K, 88% used [0x00000000c0000000,0x00000000d39d0390,0x00000000d6100000)
 Metaspace       used 58945K, committed 59968K, reserved 1114112K
  class space    used 6379K, committed 6784K, reserved 1048576K
}
Event: 19.093 GC heap before
{Heap before GC invocations=136 (full 11):
 PSYoungGen      total 18432K, used 18151K [0x00000000eab00000, 0x00000000ecf80000, 0x0000000100000000)
  eden space 14336K, 100% used [0x00000000eab00000,0x00000000eb900000,0x00000000eb900000)
  from space 4096K, 93% used [0x00000000ecb80000,0x00000000ecf39d10,0x00000000ecf80000)
  to   space 9728K, 0% used [0x00000000ebc80000,0x00000000ebc80000,0x00000000ec600000)
 ParOldGen       total 361472K, used 321344K [0x00000000c0000000, 0x00000000d6100000, 0x00000000eab00000)
  object space 361472K, 88% used [0x00000000c0000000,0x00000000d39d0390,0x00000000d6100000)
 Metaspace       used 58947K, committed 59968K, reserved 1114112K
  class space    used 6379K, committed 6784K, reserved 1048576K
}
Event: 19.097 GC heap after
{Heap after GC invocations=136 (full 11):
 PSYoungGen      total 25088K, used 5089K [0x00000000eab00000, 0x00000000ecc00000, 0x0000000100000000)
  eden space 15360K, 0% used [0x00000000eab00000,0x00000000eab00000,0x00000000eba00000)
  from space 9728K, 52% used [0x00000000ebc80000,0x00000000ec178660,0x00000000ec600000)
  to   space 5632K, 0% used [0x00000000ec680000,0x00000000ec680000,0x00000000ecc00000)
 ParOldGen       total 361472K, used 321352K [0x00000000c0000000, 0x00000000d6100000, 0x00000000eab00000)
  object space 361472K, 88% used [0x00000000c0000000,0x00000000d39d2390,0x00000000d6100000)
 Metaspace       used 58947K, committed 59968K, reserved 1114112K
  class space    used 6379K, committed 6784K, reserved 1048576K
}
Event: 19.148 GC heap before
{Heap before GC invocations=137 (full 11):
 PSYoungGen      total 25088K, used 20449K [0x00000000eab00000, 0x00000000ecc00000, 0x0000000100000000)
  eden space 15360K, 100% used [0x00000000eab00000,0x00000000eba00000,0x00000000eba00000)
  from space 9728K, 52% used [0x00000000ebc80000,0x00000000ec178660,0x00000000ec600000)
  to   space 5632K, 0% used [0x00000000ec680000,0x00000000ec680000,0x00000000ecc00000)
 ParOldGen       total 361472K, used 321352K [0x00000000c0000000, 0x00000000d6100000, 0x00000000eab00000)
  object space 361472K, 88% used [0x00000000c0000000,0x00000000d39d2390,0x00000000d6100000)
 Metaspace       used 58947K, committed 59968K, reserved 1114112K
  class space    used 6379K, committed 6784K, reserved 1048576K
}
Event: 19.152 GC heap after
{Heap after GC invocations=137 (full 11):
 PSYoungGen      total 22016K, used 5613K [0x00000000eab00000, 0x00000000ecc00000, 0x0000000100000000)
  eden space 16384K, 0% used [0x00000000eab00000,0x00000000eab00000,0x00000000ebb00000)
  from space 5632K, 99% used [0x00000000ec680000,0x00000000ecbfb490,0x00000000ecc00000)
  to   space 6144K, 0% used [0x00000000ec000000,0x00000000ec000000,0x00000000ec600000)
 ParOldGen       total 361472K, used 321552K [0x00000000c0000000, 0x00000000d6100000, 0x00000000eab00000)
  object space 361472K, 88% used [0x00000000c0000000,0x00000000d3a04390,0x00000000d6100000)
 Metaspace       used 58947K, committed 59968K, reserved 1114112K
  class space    used 6379K, committed 6784K, reserved 1048576K
}
Event: 19.201 GC heap before
{Heap before GC invocations=138 (full 11):
 PSYoungGen      total 22016K, used 21997K [0x00000000eab00000, 0x00000000ecc00000, 0x0000000100000000)
  eden space 16384K, 100% used [0x00000000eab00000,0x00000000ebb00000,0x00000000ebb00000)
  from space 5632K, 99% used [0x00000000ec680000,0x00000000ecbfb490,0x00000000ecc00000)
  to   space 6144K, 0% used [0x00000000ec000000,0x00000000ec000000,0x00000000ec600000)
 ParOldGen       total 361472K, used 321552K [0x00000000c0000000, 0x00000000d6100000, 0x00000000eab00000)
  object space 361472K, 88% used [0x00000000c0000000,0x00000000d3a04390,0x00000000d6100000)
 Metaspace       used 58947K, committed 59968K, reserved 1114112K
  class space    used 6379K, committed 6784K, reserved 1048576K
}
Event: 19.206 GC heap after
{Heap after GC invocations=138 (full 11):
 PSYoungGen      total 21504K, used 3180K [0x00000000eab00000, 0x00000000ec700000, 0x0000000100000000)
  eden space 17920K, 0% used [0x00000000eab00000,0x00000000eab00000,0x00000000ebc80000)
  from space 3584K, 88% used [0x00000000ec000000,0x00000000ec31b008,0x00000000ec380000)
  to   space 3584K, 0% used [0x00000000ec380000,0x00000000ec380000,0x00000000ec700000)
 ParOldGen       total 361472K, used 325329K [0x00000000c0000000, 0x00000000d6100000, 0x00000000eab00000)
  object space 361472K, 90% used [0x00000000c0000000,0x00000000d3db45c0,0x00000000d6100000)
 Metaspace       used 58947K, committed 59968K, reserved 1114112K
  class space    used 6379K, committed 6784K, reserved 1048576K
}
Event: 19.402 GC heap before
{Heap before GC invocations=139 (full 11):
 PSYoungGen      total 21504K, used 20152K [0x00000000eab00000, 0x00000000ec700000, 0x0000000100000000)
  eden space 17920K, 94% used [0x00000000eab00000,0x00000000ebb930e8,0x00000000ebc80000)
  from space 3584K, 88% used [0x00000000ec000000,0x00000000ec31b008,0x00000000ec380000)
  to   space 3584K, 0% used [0x00000000ec380000,0x00000000ec380000,0x00000000ec700000)
 ParOldGen       total 361472K, used 325329K [0x00000000c0000000, 0x00000000d6100000, 0x00000000eab00000)
  object space 361472K, 90% used [0x00000000c0000000,0x00000000d3db45c0,0x00000000d6100000)
 Metaspace       used 58958K, committed 59968K, reserved 1114112K
  class space    used 6380K, committed 6784K, reserved 1048576K
}
Event: 19.403 GC heap after
{Heap after GC invocations=139 (full 11):
 PSYoungGen      total 22528K, used 3576K [0x00000000eab00000, 0x00000000ec700000, 0x0000000100000000)
  eden space 18944K, 0% used [0x00000000eab00000,0x00000000eab00000,0x00000000ebd80000)
  from space 3584K, 99% used [0x00000000ec380000,0x00000000ec6fe008,0x00000000ec700000)
  to   space 4096K, 0% used [0x00000000ebf00000,0x00000000ebf00000,0x00000000ec300000)
 ParOldGen       total 361472K, used 325441K [0x00000000c0000000, 0x00000000d6100000, 0x00000000eab00000)
  object space 361472K, 90% used [0x00000000c0000000,0x00000000d3dd05c0,0x00000000d6100000)
 Metaspace       used 58958K, committed 59968K, reserved 1114112K
  class space    used 6380K, committed 6784K, reserved 1048576K
}
Event: 19.537 GC heap before
{Heap before GC invocations=140 (full 11):
 PSYoungGen      total 22528K, used 22520K [0x00000000eab00000, 0x00000000ec700000, 0x0000000100000000)
  eden space 18944K, 100% used [0x00000000eab00000,0x00000000ebd80000,0x00000000ebd80000)
  from space 3584K, 99% used [0x00000000ec380000,0x00000000ec6fe008,0x00000000ec700000)
  to   space 4096K, 0% used [0x00000000ebf00000,0x00000000ebf00000,0x00000000ec300000)
 ParOldGen       total 361472K, used 325441K [0x00000000c0000000, 0x00000000d6100000, 0x00000000eab00000)
  object space 361472K, 90% used [0x00000000c0000000,0x00000000d3dd05c0,0x00000000d6100000)
 Metaspace       used 58961K, committed 59968K, reserved 1114112K
  class space    used 6380K, committed 6784K, reserved 1048576K
}
Event: 19.541 GC heap after
{Heap after GC invocations=140 (full 11):
 PSYoungGen      total 24064K, used 4095K [0x00000000eab00000, 0x00000000ecd80000, 0x0000000100000000)
  eden space 19968K, 0% used [0x00000000eab00000,0x00000000eab00000,0x00000000ebe80000)
  from space 4096K, 99% used [0x00000000ebf00000,0x00000000ec2ffd40,0x00000000ec300000)
  to   space 7680K, 0% used [0x00000000ec600000,0x00000000ec600000,0x00000000ecd80000)
 ParOldGen       total 361472K, used 328179K [0x00000000c0000000, 0x00000000d6100000, 0x00000000eab00000)
  object space 361472K, 90% used [0x00000000c0000000,0x00000000d407cdd8,0x00000000d6100000)
 Metaspace       used 58961K, committed 59968K, reserved 1114112K
  class space    used 6380K, committed 6784K, reserved 1048576K
}

