# JRE version: OpenJDK Runtime Environment Temurin-17.0.13+11 (17.0.13+11) (build 17.0.13+11)
# Java VM: OpenJDK 64-Bit Server VM Temurin-17.0.13+11 (17.0.13+11, mixed mode, tiered, compressed oops, compressed class ptrs, parallel gc, windows-amd64)
GC Precious Log:
 CPUs: 8 total, 8 available
 Memory: 16321M
 Large Page Support: Disabled
 NUMA Support: Disabled
 Compressed Oops: Enabled (32-bit)
 Alignments: Space 512K, Generation 512K, Heap 2M
 Heap Min Capacity: 100M
 Heap Initial Capacity: 100M
 Heap Max Capacity: 1G
 Pre-touch: Disabled
 Parallel Workers: 8
Heap:
 PSYoungGen      total 8192K, used 8146K [0x00000000eab00000, 0x00000000eb680000, 0x0000000100000000)
  eden space 6656K, 100% used [0x00000000eab00000,0x00000000eb180000,0x00000000eb180000)
  from space 1536K, 97% used [0x00000000eb380000,0x00000000eb4f4978,0x00000000eb500000)
  to   space 2048K, 0% used [0x00000000eb180000,0x00000000eb180000,0x00000000eb380000)
 ParOldGen       total 144896K, used 144289K [0x00000000c0000000, 0x00000000c8d80000, 0x00000000eab00000)
  object space 144896K, 99% used [0x00000000c0000000,0x00000000c8ce86a8,0x00000000c8d80000)
 Metaspace       used 56820K, committed 57920K, reserved 1114112K
  class space    used 6078K, committed 6528K, reserved 1048576K
GC Heap History (20 events):
Event: 6.178 GC heap after
{Heap after GC invocations=73 (full 5):
 PSYoungGen      total 10240K, used 1446K [0x00000000eab00000, 0x00000000eb780000, 0x0000000100000000)
  eden space 6656K, 0% used [0x00000000eab00000,0x00000000eab00000,0x00000000eb180000)
  from space 3584K, 40% used [0x00000000eb180000,0x00000000eb2e9bd8,0x00000000eb500000)
  to   space 2560K, 0% used [0x00000000eb500000,0x00000000eb500000,0x00000000eb780000)
 ParOldGen       total 144896K, used 133298K [0x00000000c0000000, 0x00000000c8d80000, 0x00000000eab00000)
  object space 144896K, 91% used [0x00000000c0000000,0x00000000c822c9c0,0x00000000c8d80000)
 Metaspace       used 54891K, committed 55936K, reserved 1114112K
  class space    used 5874K, committed 6336K, reserved 1048576K
}
Event: 6.197 GC heap before
{Heap before GC invocations=74 (full 5):
 PSYoungGen      total 10240K, used 8102K [0x00000000eab00000, 0x00000000eb780000, 0x0000000100000000)
  eden space 6656K, 100% used [0x00000000eab00000,0x00000000eb180000,0x00000000eb180000)
  from space 3584K, 40% used [0x00000000eb180000,0x00000000eb2e9bd8,0x00000000eb500000)
  to   space 2560K, 0% used [0x00000000eb500000,0x00000000eb500000,0x00000000eb780000)
 ParOldGen       total 144896K, used 133300K [0x00000000c0000000, 0x00000000c8d80000, 0x00000000eab00000)
  object space 144896K, 91% used [0x00000000c0000000,0x00000000c822d0d8,0x00000000c8d80000)
 Metaspace       used 55140K, committed 56256K, reserved 1114112K
  class space    used 5911K, committed 6400K, reserved 1048576K
}
Event: 6.199 GC heap after
{Heap after GC invocations=74 (full 5):
 PSYoungGen      total 8192K, used 1298K [0x00000000eab00000, 0x00000000eb680000, 0x0000000100000000)
  eden space 6656K, 0% used [0x00000000eab00000,0x00000000eab00000,0x00000000eb180000)
  from space 1536K, 84% used [0x00000000eb500000,0x00000000eb644b40,0x00000000eb680000)
  to   space 1536K, 0% used [0x00000000eb380000,0x00000000eb380000,0x00000000eb500000)
 ParOldGen       total 144896K, used 134521K [0x00000000c0000000, 0x00000000c8d80000, 0x00000000eab00000)
  object space 144896K, 92% used [0x00000000c0000000,0x00000000c835e438,0x00000000c8d80000)
 Metaspace       used 55140K, committed 56256K, reserved 1114112K
  class space    used 5911K, committed 6400K, reserved 1048576K
}
Event: 6.224 GC heap before
{Heap before GC invocations=75 (full 5):
 PSYoungGen      total 8192K, used 7944K [0x00000000eab00000, 0x00000000eb680000, 0x0000000100000000)
  eden space 6656K, 99% used [0x00000000eab00000,0x00000000eb17d5d8,0x00000000eb180000)
  from space 1536K, 84% used [0x00000000eb500000,0x00000000eb644b40,0x00000000eb680000)
  to   space 1536K, 0% used [0x00000000eb380000,0x00000000eb380000,0x00000000eb500000)
 ParOldGen       total 144896K, used 134521K [0x00000000c0000000, 0x00000000c8d80000, 0x00000000eab00000)
  object space 144896K, 92% used [0x00000000c0000000,0x00000000c835e438,0x00000000c8d80000)
 Metaspace       used 55319K, committed 56448K, reserved 1114112K
  class space    used 5932K, committed 6400K, reserved 1048576K
}
Event: 6.225 GC heap after
{Heap after GC invocations=75 (full 5):
 PSYoungGen      total 8192K, used 1240K [0x00000000eab00000, 0x00000000eb580000, 0x0000000100000000)
  eden space 6656K, 0% used [0x00000000eab00000,0x00000000eab00000,0x00000000eb180000)
  from space 1536K, 80% used [0x00000000eb380000,0x00000000eb4b6160,0x00000000eb500000)
  to   space 512K, 0% used [0x00000000eb500000,0x00000000eb500000,0x00000000eb580000)
 ParOldGen       total 144896K, used 135738K [0x00000000c0000000, 0x00000000c8d80000, 0x00000000eab00000)
  object space 144896K, 93% used [0x00000000c0000000,0x00000000c848ea90,0x00000000c8d80000)
 Metaspace       used 55319K, committed 56448K, reserved 1114112K
  class space    used 5932K, committed 6400K, reserved 1048576K
}
Event: 6.244 GC heap before
{Heap before GC invocations=76 (full 5):
 PSYoungGen      total 8192K, used 7896K [0x00000000eab00000, 0x00000000eb580000, 0x0000000100000000)
  eden space 6656K, 100% used [0x00000000eab00000,0x00000000eb180000,0x00000000eb180000)
  from space 1536K, 80% used [0x00000000eb380000,0x00000000eb4b6160,0x00000000eb500000)
  to   space 512K, 0% used [0x00000000eb500000,0x00000000eb500000,0x00000000eb580000)
 ParOldGen       total 144896K, used 135738K [0x00000000c0000000, 0x00000000c8d80000, 0x00000000eab00000)
  object space 144896K, 93% used [0x00000000c0000000,0x00000000c848ea90,0x00000000c8d80000)
 Metaspace       used 55469K, committed 56576K, reserved 1114112K
  class space    used 5945K, committed 6400K, reserved 1048576K
}
Event: 6.246 GC heap after
{Heap after GC invocations=76 (full 5):
 PSYoungGen      total 7168K, used 494K [0x00000000eab00000, 0x00000000eb780000, 0x0000000100000000)
  eden space 6656K, 0% used [0x00000000eab00000,0x00000000eab00000,0x00000000eb180000)
  from space 512K, 96% used [0x00000000eb500000,0x00000000eb57b8d8,0x00000000eb580000)
  to   space 3072K, 0% used [0x00000000eb180000,0x00000000eb180000,0x00000000eb480000)
 ParOldGen       total 144896K, used 137825K [0x00000000c0000000, 0x00000000c8d80000, 0x00000000eab00000)
  object space 144896K, 95% used [0x00000000c0000000,0x00000000c8698550,0x00000000c8d80000)
 Metaspace       used 55469K, committed 56576K, reserved 1114112K
  class space    used 5945K, committed 6400K, reserved 1048576K
}
Event: 6.262 GC heap before
{Heap before GC invocations=77 (full 5):
 PSYoungGen      total 7168K, used 7150K [0x00000000eab00000, 0x00000000eb780000, 0x0000000100000000)
  eden space 6656K, 100% used [0x00000000eab00000,0x00000000eb180000,0x00000000eb180000)
  from space 512K, 96% used [0x00000000eb500000,0x00000000eb57b8d8,0x00000000eb580000)
  to   space 3072K, 0% used [0x00000000eb180000,0x00000000eb180000,0x00000000eb480000)
 ParOldGen       total 144896K, used 137825K [0x00000000c0000000, 0x00000000c8d80000, 0x00000000eab00000)
  object space 144896K, 95% used [0x00000000c0000000,0x00000000c8698550,0x00000000c8d80000)
 Metaspace       used 55621K, committed 56768K, reserved 1114112K
  class space    used 5958K, committed 6464K, reserved 1048576K
}
Event: 6.263 GC heap after
{Heap after GC invocations=77 (full 5):
 PSYoungGen      total 8704K, used 1561K [0x00000000eab00000, 0x00000000eb580000, 0x0000000100000000)
  eden space 6656K, 0% used [0x00000000eab00000,0x00000000eab00000,0x00000000eb180000)
  from space 2048K, 76% used [0x00000000eb180000,0x00000000eb306650,0x00000000eb380000)
  to   space 2048K, 0% used [0x00000000eb380000,0x00000000eb380000,0x00000000eb580000)
 ParOldGen       total 144896K, used 138305K [0x00000000c0000000, 0x00000000c8d80000, 0x00000000eab00000)
  object space 144896K, 95% used [0x00000000c0000000,0x00000000c8710520,0x00000000c8d80000)
 Metaspace       used 55621K, committed 56768K, reserved 1114112K
  class space    used 5958K, committed 6464K, reserved 1048576K
}
Event: 6.280 GC heap before
{Heap before GC invocations=78 (full 5):
 PSYoungGen      total 8704K, used 8217K [0x00000000eab00000, 0x00000000eb580000, 0x0000000100000000)
  eden space 6656K, 100% used [0x00000000eab00000,0x00000000eb180000,0x00000000eb180000)
  from space 2048K, 76% used [0x00000000eb180000,0x00000000eb306650,0x00000000eb380000)
  to   space 2048K, 0% used [0x00000000eb380000,0x00000000eb380000,0x00000000eb580000)
 ParOldGen       total 144896K, used 138305K [0x00000000c0000000, 0x00000000c8d80000, 0x00000000eab00000)
  object space 144896K, 95% used [0x00000000c0000000,0x00000000c8710520,0x00000000c8d80000)
 Metaspace       used 55733K, committed 56896K, reserved 1114112K
  class space    used 5964K, committed 6464K, reserved 1048576K
}
Event: 6.283 GC heap after
{Heap after GC invocations=78 (full 5):
 PSYoungGen      total 7168K, used 2032K [0x00000000eab00000, 0x00000000eb880000, 0x0000000100000000)
  eden space 5120K, 0% used [0x00000000eab00000,0x00000000eab00000,0x00000000eb000000)
  from space 2048K, 99% used [0x00000000eb380000,0x00000000eb57c240,0x00000000eb580000)
  to   space 3584K, 0% used [0x00000000eb000000,0x00000000eb000000,0x00000000eb380000)
 ParOldGen       total 144896K, used 139405K [0x00000000c0000000, 0x00000000c8d80000, 0x00000000eab00000)
  object space 144896K, 96% used [0x00000000c0000000,0x00000000c88235f8,0x00000000c8d80000)
 Metaspace       used 55733K, committed 56896K, reserved 1114112K
  class space    used 5964K, committed 6464K, reserved 1048576K
}
Event: 6.293 GC heap before
{Heap before GC invocations=79 (full 5):
 PSYoungGen      total 7168K, used 7143K [0x00000000eab00000, 0x00000000eb880000, 0x0000000100000000)
  eden space 5120K, 99% used [0x00000000eab00000,0x00000000eaffdd40,0x00000000eb000000)
  from space 2048K, 99% used [0x00000000eb380000,0x00000000eb57c240,0x00000000eb580000)
  to   space 3584K, 0% used [0x00000000eb000000,0x00000000eb000000,0x00000000eb380000)
 ParOldGen       total 144896K, used 139405K [0x00000000c0000000, 0x00000000c8d80000, 0x00000000eab00000)
  object space 144896K, 96% used [0x00000000c0000000,0x00000000c88235f8,0x00000000c8d80000)
 Metaspace       used 55961K, committed 57088K, reserved 1114112K
  class space    used 5981K, committed 6464K, reserved 1048576K
}
Event: 6.296 GC heap after
{Heap after GC invocations=79 (full 5):
 PSYoungGen      total 6144K, used 992K [0x00000000eab00000, 0x00000000eb500000, 0x0000000100000000)
  eden space 5120K, 0% used [0x00000000eab00000,0x00000000eab00000,0x00000000eb000000)
  from space 1024K, 96% used [0x00000000eb000000,0x00000000eb0f8000,0x00000000eb100000)
  to   space 2048K, 0% used [0x00000000eb300000,0x00000000eb300000,0x00000000eb500000)
 ParOldGen       total 144896K, used 141452K [0x00000000c0000000, 0x00000000c8d80000, 0x00000000eab00000)
  object space 144896K, 97% used [0x00000000c0000000,0x00000000c8a23390,0x00000000c8d80000)
 Metaspace       used 55961K, committed 57088K, reserved 1114112K
  class space    used 5981K, committed 6464K, reserved 1048576K
}
Event: 6.309 GC heap before
{Heap before GC invocations=80 (full 5):
 PSYoungGen      total 6144K, used 6112K [0x00000000eab00000, 0x00000000eb500000, 0x0000000100000000)
  eden space 5120K, 100% used [0x00000000eab00000,0x00000000eb000000,0x00000000eb000000)
  from space 1024K, 96% used [0x00000000eb000000,0x00000000eb0f8000,0x00000000eb100000)
  to   space 2048K, 0% used [0x00000000eb300000,0x00000000eb300000,0x00000000eb500000)
 ParOldGen       total 144896K, used 141452K [0x00000000c0000000, 0x00000000c8d80000, 0x00000000eab00000)
  object space 144896K, 97% used [0x00000000c0000000,0x00000000c8a23390,0x00000000c8d80000)
 Metaspace       used 56209K, committed 57344K, reserved 1114112K
  class space    used 5998K, committed 6464K, reserved 1048576K
}
Event: 6.310 GC heap after
{Heap after GC invocations=80 (full 5):
 PSYoungGen      total 7680K, used 1151K [0x00000000eab00000, 0x00000000eb480000, 0x0000000100000000)
  eden space 6144K, 0% used [0x00000000eab00000,0x00000000eab00000,0x00000000eb100000)
  from space 1536K, 74% used [0x00000000eb300000,0x00000000eb41fd78,0x00000000eb480000)
  to   space 1536K, 0% used [0x00000000eb180000,0x00000000eb180000,0x00000000eb300000)
 ParOldGen       total 144896K, used 142328K [0x00000000c0000000, 0x00000000c8d80000, 0x00000000eab00000)
  object space 144896K, 98% used [0x00000000c0000000,0x00000000c8afe338,0x00000000c8d80000)
 Metaspace       used 56209K, committed 57344K, reserved 1114112K
  class space    used 5998K, committed 6464K, reserved 1048576K
}
Event: 6.326 GC heap before
{Heap before GC invocations=81 (full 5):
 PSYoungGen      total 7680K, used 7282K [0x00000000eab00000, 0x00000000eb480000, 0x0000000100000000)
  eden space 6144K, 99% used [0x00000000eab00000,0x00000000eb0fcdc8,0x00000000eb100000)
  from space 1536K, 74% used [0x00000000eb300000,0x00000000eb41fd78,0x00000000eb480000)
  to   space 1536K, 0% used [0x00000000eb180000,0x00000000eb180000,0x00000000eb300000)
 ParOldGen       total 144896K, used 142328K [0x00000000c0000000, 0x00000000c8d80000, 0x00000000eab00000)
  object space 144896K, 98% used [0x00000000c0000000,0x00000000c8afe338,0x00000000c8d80000)
 Metaspace       used 56469K, committed 57600K, reserved 1114112K
  class space    used 6029K, committed 6528K, reserved 1048576K
}
Event: 6.328 GC heap after
{Heap after GC invocations=81 (full 5):
 PSYoungGen      total 8192K, used 1130K [0x00000000eab00000, 0x00000000eb500000, 0x0000000100000000)
  eden space 6656K, 0% used [0x00000000eab00000,0x00000000eab00000,0x00000000eb180000)
  from space 1536K, 73% used [0x00000000eb180000,0x00000000eb29a880,0x00000000eb300000)
  to   space 1536K, 0% used [0x00000000eb380000,0x00000000eb380000,0x00000000eb500000)
 ParOldGen       total 144896K, used 143301K [0x00000000c0000000, 0x00000000c8d80000, 0x00000000eab00000)
  object space 144896K, 98% used [0x00000000c0000000,0x00000000c8bf15b8,0x00000000c8d80000)
 Metaspace       used 56469K, committed 57600K, reserved 1114112K
  class space    used 6029K, committed 6528K, reserved 1048576K
}
Event: 6.340 GC heap before
{Heap before GC invocations=82 (full 5):
 PSYoungGen      total 8192K, used 7786K [0x00000000eab00000, 0x00000000eb500000, 0x0000000100000000)
  eden space 6656K, 100% used [0x00000000eab00000,0x00000000eb180000,0x00000000eb180000)
  from space 1536K, 73% used [0x00000000eb180000,0x00000000eb29a880,0x00000000eb300000)
  to   space 1536K, 0% used [0x00000000eb380000,0x00000000eb380000,0x00000000eb500000)
 ParOldGen       total 144896K, used 143301K [0x00000000c0000000, 0x00000000c8d80000, 0x00000000eab00000)
  object space 144896K, 98% used [0x00000000c0000000,0x00000000c8bf15b8,0x00000000c8d80000)
 Metaspace       used 56644K, committed 57792K, reserved 1114112K
  class space    used 6050K, committed 6528K, reserved 1048576K
}
Event: 6.342 GC heap after
{Heap after GC invocations=82 (full 5):
 PSYoungGen      total 8192K, used 1490K [0x00000000eab00000, 0x00000000eb680000, 0x0000000100000000)
  eden space 6656K, 0% used [0x00000000eab00000,0x00000000eab00000,0x00000000eb180000)
  from space 1536K, 97% used [0x00000000eb380000,0x00000000eb4f4978,0x00000000eb500000)
  to   space 2048K, 0% used [0x00000000eb180000,0x00000000eb180000,0x00000000eb380000)
 ParOldGen       total 144896K, used 144289K [0x00000000c0000000, 0x00000000c8d80000, 0x00000000eab00000)
  object space 144896K, 99% used [0x00000000c0000000,0x00000000c8ce86a8,0x00000000c8d80000)
 Metaspace       used 56644K, committed 57792K, reserved 1114112K
  class space    used 6050K, committed 6528K, reserved 1048576K
}
Event: 6.356 GC heap before
{Heap before GC invocations=83 (full 6):
 PSYoungGen      total 8192K, used 8146K [0x00000000eab00000, 0x00000000eb680000, 0x0000000100000000)
  eden space 6656K, 100% used [0x00000000eab00000,0x00000000eb180000,0x00000000eb180000)
  from space 1536K, 97% used [0x00000000eb380000,0x00000000eb4f4978,0x00000000eb500000)
  to   space 2048K, 0% used [0x00000000eb180000,0x00000000eb180000,0x00000000eb380000)
 ParOldGen       total 144896K, used 144289K [0x00000000c0000000, 0x00000000c8d80000, 0x00000000eab00000)
  object space 144896K, 99% used [0x00000000c0000000,0x00000000c8ce86a8,0x00000000c8d80000)
 Metaspace       used 56820K, committed 57920K, reserved 1114112K
  class space    used 6078K, committed 6528K, reserved 1048576K
}

