# JRE version: Java(TM) SE Runtime Environment (17.0.12+8) (build 17.0.12+8-LTS-286)
# Java VM: Java HotSpot(TM) 64-Bit Server VM (17.0.12+8-LTS-286, mixed mode, sharing, tiered, compressed oops, compressed class ptrs, g1 gc, windows-amd64)
GC Precious Log:
 CPUs: 8 total, 8 available
 Memory: 16321M
 Large Page Support: Disabled
 NUMA Support: Disabled
 Compressed Oops: Enabled (32-bit)
 Heap Region Size: 1M
 Heap Min Capacity: 8M
 Heap Initial Capacity: 256M
 Heap Max Capacity: 2G
 Pre-touch: Disabled
 Parallel Workers: 8
 Concurrent Workers: 2
 Concurrent Refinement Workers: 8
 Periodic GC: Disabled
Heap:
 garbage-first heap   total 163840K, used 98397K [0x0000000080000000, 0x0000000100000000)
  region size 1024K, 11 young (11264K), 6 survivors (6144K)
 Metaspace       used 76629K, committed 77312K, reserved 557056K
  class space    used 10758K, committed 11072K, reserved 425984K
GC Heap History (20 events):
Event: 10.731 GC heap before
{Heap before GC invocations=21 (full 0):
 garbage-first heap   total 111616K, used 84754K [0x0000000080000000, 0x0000000100000000)
  region size 1024K, 27 young (27648K), 2 survivors (2048K)
 Metaspace       used 54326K, committed 54976K, reserved 491520K
  class space    used 7677K, committed 8000K, reserved 425984K
}
Event: 10.733 GC heap after
{Heap after GC invocations=22 (full 0):
 garbage-first heap   total 111616K, used 60726K [0x0000000080000000, 0x0000000100000000)
  region size 1024K, 2 young (2048K), 2 survivors (2048K)
 Metaspace       used 54326K, committed 54976K, reserved 491520K
  class space    used 7677K, committed 8000K, reserved 425984K
}
Event: 10.774 GC heap before
{Heap before GC invocations=22 (full 0):
 garbage-first heap   total 111616K, used 63798K [0x0000000080000000, 0x0000000100000000)
  region size 1024K, 5 young (5120K), 2 survivors (2048K)
 Metaspace       used 54619K, committed 55232K, reserved 491520K
  class space    used 7701K, committed 8000K, reserved 425984K
}
Event: 10.775 GC heap after
{Heap after GC invocations=23 (full 0):
 garbage-first heap   total 111616K, used 60848K [0x0000000080000000, 0x0000000100000000)
  region size 1024K, 1 young (1024K), 1 survivors (1024K)
 Metaspace       used 54619K, committed 55232K, reserved 491520K
  class space    used 7701K, committed 8000K, reserved 425984K
}
Event: 11.118 GC heap before
{Heap before GC invocations=23 (full 0):
 garbage-first heap   total 111616K, used 90544K [0x0000000080000000, 0x0000000100000000)
  region size 1024K, 30 young (30720K), 1 survivors (1024K)
 Metaspace       used 57344K, committed 57984K, reserved 491520K
  class space    used 8132K, committed 8448K, reserved 425984K
}
Event: 11.120 GC heap after
{Heap after GC invocations=24 (full 0):
 garbage-first heap   total 111616K, used 62583K [0x0000000080000000, 0x0000000100000000)
  region size 1024K, 3 young (3072K), 3 survivors (3072K)
 Metaspace       used 57344K, committed 57984K, reserved 491520K
  class space    used 8132K, committed 8448K, reserved 425984K
}
Event: 11.447 GC heap before
{Heap before GC invocations=25 (full 0):
 garbage-first heap   total 111616K, used 91255K [0x0000000080000000, 0x0000000100000000)
  region size 1024K, 31 young (31744K), 3 survivors (3072K)
 Metaspace       used 59496K, committed 60160K, reserved 491520K
  class space    used 8455K, committed 8768K, reserved 425984K
}
Event: 11.451 GC heap after
{Heap after GC invocations=26 (full 0):
 garbage-first heap   total 111616K, used 63567K [0x0000000080000000, 0x0000000100000000)
  region size 1024K, 3 young (3072K), 3 survivors (3072K)
 Metaspace       used 59496K, committed 60160K, reserved 491520K
  class space    used 8455K, committed 8768K, reserved 425984K
}
Event: 11.467 GC heap before
{Heap before GC invocations=26 (full 0):
 garbage-first heap   total 111616K, used 64591K [0x0000000080000000, 0x0000000100000000)
  region size 1024K, 5 young (5120K), 3 survivors (3072K)
 Metaspace       used 59596K, committed 60288K, reserved 491520K
  class space    used 8469K, committed 8768K, reserved 425984K
}
Event: 11.469 GC heap after
{Heap after GC invocations=27 (full 0):
 garbage-first heap   total 111616K, used 63261K [0x0000000080000000, 0x0000000100000000)
  region size 1024K, 1 young (1024K), 1 survivors (1024K)
 Metaspace       used 59596K, committed 60288K, reserved 491520K
  class space    used 8469K, committed 8768K, reserved 425984K
}
Event: 11.769 GC heap before
{Heap before GC invocations=27 (full 0):
 garbage-first heap   total 111616K, used 91933K [0x0000000080000000, 0x0000000100000000)
  region size 1024K, 29 young (29696K), 1 survivors (1024K)
 Metaspace       used 61407K, committed 62080K, reserved 491520K
  class space    used 8717K, committed 9024K, reserved 425984K
}
Event: 11.772 GC heap after
{Heap after GC invocations=28 (full 0):
 garbage-first heap   total 163840K, used 64724K [0x0000000080000000, 0x0000000100000000)
  region size 1024K, 2 young (2048K), 2 survivors (2048K)
 Metaspace       used 61407K, committed 62080K, reserved 491520K
  class space    used 8717K, committed 9024K, reserved 425984K
}
Event: 12.591 GC heap before
{Heap before GC invocations=28 (full 0):
 garbage-first heap   total 163840K, used 131284K [0x0000000080000000, 0x0000000100000000)
  region size 1024K, 67 young (68608K), 2 survivors (2048K)
 Metaspace       used 64648K, committed 65280K, reserved 491520K
  class space    used 9153K, committed 9472K, reserved 425984K
}
Event: 12.599 GC heap after
{Heap after GC invocations=29 (full 0):
 garbage-first heap   total 163840K, used 71587K [0x0000000080000000, 0x0000000100000000)
  region size 1024K, 9 young (9216K), 9 survivors (9216K)
 Metaspace       used 64648K, committed 65280K, reserved 491520K
  class space    used 9153K, committed 9472K, reserved 425984K
}
Event: 13.647 GC heap before
{Heap before GC invocations=29 (full 0):
 garbage-first heap   total 163840K, used 129955K [0x0000000080000000, 0x0000000100000000)
  region size 1024K, 67 young (68608K), 9 survivors (9216K)
 Metaspace       used 68335K, committed 69056K, reserved 491520K
  class space    used 9765K, committed 10112K, reserved 425984K
}
Event: 13.656 GC heap after
{Heap after GC invocations=30 (full 0):
 garbage-first heap   total 163840K, used 74991K [0x0000000080000000, 0x0000000100000000)
  region size 1024K, 6 young (6144K), 6 survivors (6144K)
 Metaspace       used 68335K, committed 69056K, reserved 491520K
  class space    used 9765K, committed 10112K, reserved 425984K
}
Event: 14.058 GC heap before
{Heap before GC invocations=30 (full 0):
 garbage-first heap   total 163840K, used 136431K [0x0000000080000000, 0x0000000100000000)
  region size 1024K, 61 young (62464K), 6 survivors (6144K)
 Metaspace       used 69689K, committed 70464K, reserved 491520K
  class space    used 9933K, committed 10304K, reserved 425984K
}
Event: 14.063 GC heap after
{Heap after GC invocations=31 (full 0):
 garbage-first heap   total 163840K, used 87388K [0x0000000080000000, 0x0000000100000000)
  region size 1024K, 8 young (8192K), 8 survivors (8192K)
 Metaspace       used 69689K, committed 70464K, reserved 491520K
  class space    used 9933K, committed 10304K, reserved 425984K
}
Event: 14.551 GC heap before
{Heap before GC invocations=31 (full 0):
 garbage-first heap   total 163840K, used 130396K [0x0000000080000000, 0x0000000100000000)
  region size 1024K, 50 young (51200K), 8 survivors (8192K)
 Metaspace       used 73207K, committed 73984K, reserved 491520K
  class space    used 10334K, committed 10688K, reserved 425984K
}
Event: 14.556 GC heap after
{Heap after GC invocations=32 (full 0):
 garbage-first heap   total 163840K, used 89577K [0x0000000080000000, 0x0000000100000000)
  region size 1024K, 2 young (2048K), 2 survivors (2048K)
 Metaspace       used 73207K, committed 73984K, reserved 491520K
  class space    used 10334K, committed 10688K, reserved 425984K
}

